<?xml version="1.0" encoding="UTF-8"?>
<!-- Generated by org.testng.reporters.JUnitReportReporter -->
<testsuite hostname="DESKTOP-HOICHTR" name="web_tests.Test_Role_Edit" tests="1" failures="0" timestamp="26 Nov 2020 14:16:20 GMT" time="155.722" errors="0">
  <testcase name="Tc017_Admin_Role_Edit" time="155.722" classname="web_tests.Test_Role_Edit"/>
</testsuite> <!-- web_tests.Test_Role_Edit -->
