<?xml version="1.0" encoding="UTF-8"?>
<!-- Generated by org.testng.reporters.JUnitReportReporter -->
<testsuite hostname="DESKTOP-HOICHTR" name="web_tests.Test_Branches" tests="1" failures="0" timestamp="27 Nov 2020 15:22:34 GMT" time="68.363" errors="0">
  <testcase name="Tc0013_Branch_delete" time="68.363" classname="web_tests.Test_Branches"/>
</testsuite> <!-- web_tests.Test_Branches -->
