<?xml version="1.0" encoding="UTF-8"?>
<!-- Generated by org.testng.reporters.JUnitReportReporter -->
<testsuite hostname="DESKTOP-HOICHTR" name="web_tests.Test_Roles" tests="1" failures="0" timestamp="26 Nov 2020 11:17:30 GMT" time="22.454" errors="0">
  <testcase name="Tc0014_Role_delete" time="22.454" classname="web_tests.Test_Roles"/>
</testsuite> <!-- web_tests.Test_Roles -->
